# JRE version: OpenJDK Runtime Environment (11.0.1+13) (build 11.0.1+13)
# Java VM: OpenJDK 64-Bit Server VM (11.0.1+13, mixed mode, tiered, compressed oops, g1 gc, windows-amd64)
Heap:
 garbage-first heap   total 1157120K, used 245771K [0x0000000709a00000, 0x0000000800000000)
  region size 1024K, 1 young (1024K), 1 survivors (1024K)
 Metaspace       used 6412K, capacity 6519K, committed 6784K, reserved 1056768K
  class space    used 533K, capacity 547K, committed 640K, reserved 1048576K
GC Heap History (10 events):
Event: 13118.358 GC heap after
{Heap after GC invocations=46813 (full 0):
 garbage-first heap   total 440320K, used 356603K [0x0000000709a00000, 0x0000000800000000)
  region size 1024K, 1 young (1024K), 1 survivors (1024K)
 Metaspace       used 6412K, capacity 6519K, committed 6784K, reserved 1056768K
  class space    used 533K, capacity 547K, committed 640K, reserved 1048576K
}
Event: 13118.432 GC heap before
{Heap before GC invocations=46813 (full 0):
 garbage-first heap   total 440320K, used 377083K [0x0000000709a00000, 0x0000000800000000)
  region size 1024K, 21 young (21504K), 1 survivors (1024K)
 Metaspace       used 6412K, capacity 6519K, committed 6784K, reserved 1056768K
  class space    used 533K, capacity 547K, committed 640K, reserved 1048576K
}
Event: 13118.451 GC heap after
{Heap after GC invocations=46814 (full 0):
 garbage-first heap   total 530432K, used 325324K [0x0000000709a00000, 0x0000000800000000)
  region size 1024K, 1 young (1024K), 1 survivors (1024K)
 Metaspace       used 6412K, capacity 6519K, committed 6784K, reserved 1056768K
  class space    used 533K, capacity 547K, committed 640K, reserved 1048576K
}
Event: 13118.554 GC heap before
{Heap before GC invocations=46814 (full 0):
 garbage-first heap   total 530432K, used 349900K [0x0000000709a00000, 0x0000000800000000)
  region size 1024K, 25 young (25600K), 1 survivors (1024K)
 Metaspace       used 6412K, capacity 6519K, committed 6784K, reserved 1056768K
  class space    used 533K, capacity 547K, committed 640K, reserved 1048576K
}
Event: 13118.567 GC heap after
{Heap after GC invocations=46815 (full 0):
 garbage-first heap   total 530432K, used 291863K [0x0000000709a00000, 0x0000000800000000)
  region size 1024K, 1 young (1024K), 1 survivors (1024K)
 Metaspace       used 6412K, capacity 6519K, committed 6784K, reserved 1056768K
  class space    used 533K, capacity 547K, committed 640K, reserved 1048576K
}
Event: 13118.647 GC heap before
{Heap before GC invocations=46815 (full 0):
 garbage-first heap   total 530432K, used 316439K [0x0000000709a00000, 0x0000000800000000)
  region size 1024K, 25 young (25600K), 1 survivors (1024K)
 Metaspace       used 6412K, capacity 6519K, committed 6784K, reserved 1056768K
  class space    used 533K, capacity 547K, committed 640K, reserved 1048576K
}
Event: 13118.663 GC heap after
{Heap after GC invocations=46816 (full 0):
 garbage-first heap   total 530432K, used 262168K [0x0000000709a00000, 0x0000000800000000)
  region size 1024K, 1 young (1024K), 1 survivors (1024K)
 Metaspace       used 6412K, capacity 6519K, committed 6784K, reserved 1056768K
  class space    used 533K, capacity 547K, committed 640K, reserved 1048576K
}
Event: 13118.739 GC heap before
{Heap before GC invocations=46816 (full 0):
 garbage-first heap   total 530432K, used 286744K [0x0000000709a00000, 0x0000000800000000)
  region size 1024K, 25 young (25600K), 1 survivors (1024K)
 Metaspace       used 6412K, capacity 6519K, committed 6784K, reserved 1056768K
  class space    used 533K, capacity 547K, committed 640K, reserved 1048576K
}
Event: 13118.753 GC heap after
{Heap after GC invocations=46817 (full 0):
 garbage-first heap   total 530432K, used 245273K [0x0000000709a00000, 0x0000000800000000)
  region size 1024K, 1 young (1024K), 1 survivors (1024K)
 Metaspace       used 6412K, capacity 6519K, committed 6784K, reserved 1056768K
  class space    used 533K, capacity 547K, committed 640K, reserved 1048576K
}
Event: 13119.520 GC heap before
{Heap before GC invocations=46817 (full 0):
 garbage-first heap   total 530432K, used 469529K [0x0000000709a00000, 0x0000000800000000)
  region size 1024K, 220 young (225280K), 1 survivors (1024K)
 Metaspace       used 6412K, capacity 6519K, committed 6784K, reserved 1056768K
  class space    used 533K, capacity 547K, committed 640K, reserved 1048576K
}

